[debug] [2024-06-20T16:42:40.071Z] ----------------------------------------------------------------------
[debug] [2024-06-20T16:42:40.073Z] Command:       /Users/toni/.nvm/versions/node/v18.17.1/bin/node /Users/toni/.nvm/versions/node/v18.17.1/bin/firebase deploy --only hosting -m Manual deploy from local
[debug] [2024-06-20T16:42:40.073Z] CLI Version:   13.11.2
[debug] [2024-06-20T16:42:40.073Z] Platform:      darwin
[debug] [2024-06-20T16:42:40.074Z] Node Version:  v18.17.1
[debug] [2024-06-20T16:42:40.075Z] Time:          Thu Jun 20 2024 18:42:40 GMT+0200 (hora de verano de Europa central)
[debug] [2024-06-20T16:42:40.075Z] ----------------------------------------------------------------------
[debug] 
[debug] [2024-06-20T16:42:40.132Z] > command requires scopes: ["email","openid","https://www.googleapis.com/auth/cloudplatformprojects.readonly","https://www.googleapis.com/auth/firebase","https://www.googleapis.com/auth/cloud-platform"]
[debug] [2024-06-20T16:42:40.133Z] > authorizing via signed-in user (amazuelos92@gmail.com)
[debug] [2024-06-20T16:42:40.133Z] [iam] checking project portfolio-antonio-mazuelos for permissions ["firebase.projects.get","firebasehosting.sites.update"]
[debug] [2024-06-20T16:42:40.134Z] >>> [apiv2][query] POST https://cloudresourcemanager.googleapis.com/v1/projects/portfolio-antonio-mazuelos:testIamPermissions [none]
[debug] [2024-06-20T16:42:40.134Z] >>> [apiv2][(partial)header] POST https://cloudresourcemanager.googleapis.com/v1/projects/portfolio-antonio-mazuelos:testIamPermissions x-goog-quota-user=projects/portfolio-antonio-mazuelos
[debug] [2024-06-20T16:42:40.135Z] >>> [apiv2][body] POST https://cloudresourcemanager.googleapis.com/v1/projects/portfolio-antonio-mazuelos:testIamPermissions {"permissions":["firebase.projects.get","firebasehosting.sites.update"]}
[debug] [2024-06-20T16:42:40.943Z] <<< [apiv2][status] POST https://cloudresourcemanager.googleapis.com/v1/projects/portfolio-antonio-mazuelos:testIamPermissions 200
[debug] [2024-06-20T16:42:40.943Z] <<< [apiv2][body] POST https://cloudresourcemanager.googleapis.com/v1/projects/portfolio-antonio-mazuelos:testIamPermissions {"permissions":["firebase.projects.get","firebasehosting.sites.update"]}
[debug] [2024-06-20T16:42:40.944Z] >>> [apiv2][query] GET https://firebase.googleapis.com/v1beta1/projects/portfolio-antonio-mazuelos [none]
[debug] [2024-06-20T16:42:41.273Z] <<< [apiv2][status] GET https://firebase.googleapis.com/v1beta1/projects/portfolio-antonio-mazuelos 200
[debug] [2024-06-20T16:42:41.273Z] <<< [apiv2][body] GET https://firebase.googleapis.com/v1beta1/projects/portfolio-antonio-mazuelos {"projectId":"portfolio-antonio-mazuelos","projectNumber":"454356878987","displayName":"Portfolio Antonio Mazuelos","name":"projects/portfolio-antonio-mazuelos","resources":{"hostingSite":"portfolio-antonio-mazuelos","storageBucket":"portfolio-antonio-mazuelos.appspot.com","locationId":"europe-west"},"state":"ACTIVE","etag":"1_b33c9f36-534b-4f1c-b9bd-ae463a8499eb"}
[info] 
[info] === Deploying to 'portfolio-antonio-mazuelos'...
[info] 
[info] i  deploying hosting 
[debug] [2024-06-20T16:42:41.278Z] >>> [apiv2][query] POST https://firebasehosting.googleapis.com/v1beta1/projects/-/sites/portfolio-antonio-mazuelos/versions [none]
[debug] [2024-06-20T16:42:41.279Z] >>> [apiv2][body] POST https://firebasehosting.googleapis.com/v1beta1/projects/-/sites/portfolio-antonio-mazuelos/versions {"status":"CREATED","labels":{"deployment-tool":"cli-firebase"}}
[debug] [2024-06-20T16:42:43.091Z] <<< [apiv2][status] POST https://firebasehosting.googleapis.com/v1beta1/projects/-/sites/portfolio-antonio-mazuelos/versions 200
[debug] [2024-06-20T16:42:43.091Z] <<< [apiv2][body] POST https://firebasehosting.googleapis.com/v1beta1/projects/-/sites/portfolio-antonio-mazuelos/versions {"name":"projects/454356878987/sites/portfolio-antonio-mazuelos/versions/56a7f8e422e5bb25","status":"CREATED","config":{},"labels":{"deployment-tool":"cli-firebase"}}
[info] i  hosting[portfolio-antonio-mazuelos]: beginning deploy... 
[info] i  hosting[portfolio-antonio-mazuelos]: found 8 files in public 
[debug] [2024-06-20T16:42:43.098Z] [hosting] uploading with 200 concurrency
[debug] [2024-06-20T16:42:43.192Z] [hosting] hash cache [cHVibGlj] stored for 8 files
[debug] [2024-06-20T16:42:43.193Z] [hosting][hash queue][FINAL] {"max":91,"min":5,"avg":17.125,"active":0,"complete":8,"success":8,"errored":0,"retried":0,"total":8,"elapsed":93}
[debug] [2024-06-20T16:42:43.193Z] >>> [apiv2][query] POST https://firebasehosting.googleapis.com/v1beta1/projects/454356878987/sites/portfolio-antonio-mazuelos/versions/56a7f8e422e5bb25:populateFiles [none]
[debug] [2024-06-20T16:42:43.193Z] >>> [apiv2][body] POST https://firebasehosting.googleapis.com/v1beta1/projects/454356878987/sites/portfolio-antonio-mazuelos/versions/56a7f8e422e5bb25:populateFiles {"files":{"/404.html":"05cbc6f94d7a69ce2e29646eab13be2c884e61ba93e3094df5028866876d18b3","/robots.txt":"d792ff9bd0f7512886c4bc0478cb4e820f1fb828feac53aae54fba626f13bf19","/index.html":"c3e713d92c45cbf8eb427e97772223acd5598b6b125cf97d96ada1a2e96b51c8","/_astro/index.Dqykn-t0.css":"5a2c9bd784f3f92e120ebe7d82f6bc4c48151fa453d5848ce97685f9d33145a9","/_astro/hoisted.C2Sy2q3S.css":"fd5cd5f6ca36187564b5b09d0007cf8234c97a64d712e2cf9ed933b9fd4fa163","/favicon.ico":"ccb864a5c481602fc83b71090ab270142faa0c7326810dadb3e3c7187dcdd1b5","/assets/images/favicon.png":"ccb864a5c481602fc83b71090ab270142faa0c7326810dadb3e3c7187dcdd1b5","/assets/images/photo.png":"d7b7334888ff8d5494236d4a8631e1b28c348fe97080163f5c19b385cf953f9f"}}
[debug] [2024-06-20T16:42:44.224Z] <<< [apiv2][status] POST https://firebasehosting.googleapis.com/v1beta1/projects/454356878987/sites/portfolio-antonio-mazuelos/versions/56a7f8e422e5bb25:populateFiles 200
[debug] [2024-06-20T16:42:44.224Z] <<< [apiv2][body] POST https://firebasehosting.googleapis.com/v1beta1/projects/454356878987/sites/portfolio-antonio-mazuelos/versions/56a7f8e422e5bb25:populateFiles {"uploadRequiredHashes":["c3e713d92c45cbf8eb427e97772223acd5598b6b125cf97d96ada1a2e96b51c8"],"uploadUrl":"https://upload-firebasehosting.googleapis.com/upload/sites/portfolio-antonio-mazuelos/versions/56a7f8e422e5bb25/files"}
[debug] [2024-06-20T16:42:44.225Z] >>> [apiv2][query] POST https://upload-firebasehosting.googleapis.com/upload/sites/portfolio-antonio-mazuelos/versions/56a7f8e422e5bb25/files/c3e713d92c45cbf8eb427e97772223acd5598b6b125cf97d96ada1a2e96b51c8 [none]
[debug] [2024-06-20T16:42:44.226Z] >>> [apiv2][body] POST https://upload-firebasehosting.googleapis.com/upload/sites/portfolio-antonio-mazuelos/versions/56a7f8e422e5bb25/files/c3e713d92c45cbf8eb427e97772223acd5598b6b125cf97d96ada1a2e96b51c8 [stream]
[debug] [2024-06-20T16:42:44.228Z] [hosting][populate queue][FINAL] {"max":1033,"min":1033,"avg":1033,"active":0,"complete":1,"success":1,"errored":0,"retried":0,"total":1,"elapsed":1036}
[debug] [2024-06-20T16:42:44.229Z] [hosting] uploads queued: 1
